빌드 시작 환경:
ALLUSERSPROFILE = C:\ProgramData
APPDATA = C:\Users\zxwns\AppData\Roaming
CommonProgramFiles = C:\Program Files (x86)\Common Files
CommonProgramFiles(x86) = C:\Program Files (x86)\Common Files
CommonProgramW6432 = C:\Program Files\Common Files
COMPUTERNAME = DESKTOP-T1B4KCE
ComSpec = C:\WINDOWS\system32\cmd.exe
DriverData = C:\Windows\System32\Drivers\DriverData
FPS_BROWSER_APP_PROFILE_STRING = Internet Explorer
FPS_BROWSER_USER_PROFILE_STRING = Default
HOMEDRIVE = C:
HOMEPATH = \Users\zxwns
JAVA_HOME = C:\Program Files\Java\jdk1.8.0_201
LOCALAPPDATA = C:\Users\zxwns\AppData\Local
LOGONSERVER = \\DESKTOP-T1B4KCE
MSBuildLoadMicrosoftTargetsReadOnly = true
NUMBER_OF_PROCESSORS = 8
NVIDIAWHITELISTED = 0x01
OneDrive = C:\Users\zxwns\OneDrive
OneDriveConsumer = C:\Users\zxwns\OneDrive
OS = Windows_NT
Path = C:\app\zxwns\product\11.2.0\dbhome_1\bin;C:\Program Files (x86)\Common Files\Oracle\Java\javapath;C:\WINDOWS\system32;C:\WINDOWS;C:\WINDOWS\System32\Wbem;C:\WINDOWS\System32\WindowsPowerShell\v1.0\;C:\WINDOWS\System32\OpenSSH\;C:\Program Files\Git\cmd;C:\Program Files\CMake\bin;C:\Program Files\doxygen\bin;C:\Program Files\Docker\Docker\resources\bin;C:\ProgramData\DockerDesktop\version-bin;C:\Users\zxwns\AppData\Local\Microsoft\WindowsApps;C:\Program Files\Java\jdk1.8.0_201\bin;;C:\Users\zxwns\AppData\Local\Programs\Microsoft VS Code\bin
PATHEXT = .COM;.EXE;.BAT;.CMD;.VBS;.VBE;.JS;.JSE;.WSF;.WSH;.MSC
PkgDefApplicationConfigFile = C:\Users\zxwns\AppData\Local\Microsoft\VisualStudio\15.0_b80018d3\devenv.exe.config
PROCESSOR_ARCHITECTURE = x86
PROCESSOR_ARCHITEW6432 = AMD64
PROCESSOR_IDENTIFIER = Intel64 Family 6 Model 142 Stepping 10, GenuineIntel
PROCESSOR_LEVEL = 6
PROCESSOR_REVISION = 8e0a
ProgramData = C:\ProgramData
ProgramFiles = C:\Program Files (x86)
ProgramFiles(x86) = C:\Program Files (x86)
ProgramW6432 = C:\Program Files
PSModulePath = C:\Program Files\WindowsPowerShell\Modules;C:\WINDOWS\system32\WindowsPowerShell\v1.0\Modules
PUBLIC = C:\Users\Public
SESSIONNAME = Console
SHIM_MCCOMPAT = 0x810000001
SystemDrive = C:
SystemRoot = C:\WINDOWS
TEMP = C:\Users\zxwns\AppData\Local\Temp
TMP = C:\Users\zxwns\AppData\Local\Temp
USERDOMAIN = DESKTOP-T1B4KCE
USERDOMAIN_ROAMINGPROFILE = DESKTOP-T1B4KCE
USERNAME = zxwns
USERPROFILE = C:\Users\zxwns
VBOX_MSI_INSTALL_PATH = C:\Program Files\Oracle\VirtualBox\
VisualStudioDir = C:\Users\zxwns\Documents\Visual Studio 2017
VisualStudioEdition = Microsoft Visual Studio Community 2017
VisualStudioVersion = 15.0
VSAPPIDDIR = C:\Program Files (x86)\Microsoft Visual Studio\2017\Community\Common7\IDE\
VSAPPIDNAME = devenv.exe
VSLANG = 1042
VSLS_SESSION_KEEPALIVE_INTERVAL = 0
VSSKUEDITION = Community
windir = C:\WINDOWS

  Microsoft (R) C/C++ 최적화 컴파일러 버전 19.16.27024.1(x64)
  Copyright (c) Microsoft Corporation. All rights reserved.
  
  사용법: cl [ option... ] filename... [ /link linkoption... ]
  Hello AnrealBuild! 
  Root Directory : C:/Dev/AnrealEngine
  hello build

프로젝트 성능 요약:
      139ms  C:\Dev\AnrealEngine\ProjectFiles\Engine\Engine.vcxproj   1회 호출
                139ms  Build                                      1회 호출

대상 성능 요약:
        0ms  SetCABuildNativeEnvironmentVariables       1회 호출
        0ms  GetTargetPath                              1회 호출
        0ms  BeforeResolveReferences                    1회 호출
        0ms  AssignProjectConfiguration                 1회 호출
        0ms  _GetProjectReferenceTargetFrameworkProperties   1회 호출
        0ms  PrepareProjectReferences                   1회 호출
        0ms  ResolveProjectReferences                   1회 호출
        0ms  GetFrameworkPaths                          1회 호출
        0ms  ResolveReferences                          1회 호출
        0ms  PrepareForBuild                            1회 호출
        0ms  ResolveSDKReferences                       1회 호출
        0ms  ExpandSDKReferences                        1회 호출
        0ms  _HandlePackageFileConflicts                1회 호출
        0ms  AfterResolveReferences                     1회 호출
        1ms  _SplitProjectReferencesByFileExistence     1회 호출
        1ms  _CheckForInvalidConfigurationAndPlatform   1회 호출
        1ms  SetBuildDefaultEnvironmentVariables        1회 호출
        1ms  GetReferenceAssemblyPaths                  1회 호출
        2ms  ResolveAssemblyReferences                  1회 호출
        2ms  PrepareForNMakeBuild                       1회 호출
      129ms  Build                                      1회 호출

작업 성능 요약:
        0ms  AssignProjectConfiguration                 1회 호출
        0ms  MSBuild                                    1회 호출
        0ms  FindAppConfigFile                          1회 호출
        0ms  ResolvePackageFileConflicts                1회 호출
        0ms  Message                                    2회 호출
        1ms  SetEnv                                     5회 호출
        1ms  MakeDir                                    2회 호출
        2ms  ResolveAssemblyReference                   1회 호출
      129ms  Exec                                       1회 호출
